Actividad1/app/build/intermediates/manifest_merge_blame_file/debug/manifest-merger-blame-debug-report.txt
1<?xml version="1.0" encoding="utf-8"?>
2<manifest xmlns:android="http://schemas.android.com/apk/res/android"
3    package="com.luocz.primerproyecto"
4    android:versionCode="1"
5    android:versionName="1.0" >
6
7    <uses-sdk
8        android:minSdkVersion="22"
8-->src\main\AndroidManifest.xml
9        android:targetSdkVersion="31" />
9-->src\main\AndroidManifest.xml
10
11    <application
11-->src\main\AndroidManifest.xml:5:5-52:19
12        android:allowBackup="true"
12-->src\main\AndroidManifest.xml:6:9-35
13        android:appComponentFactory="androidx.core.app.CoreComponentFactory"
13-->[androidx.core:core:1.7.0] AndroidManifest.xml:24:18-86
14        android:debuggable="true"
15        android:icon="@mipmap/ic_launcher"
15-->src\main\AndroidManifest.xml:7:9-43
16        android:label="@string/app_name"
16-->src\main\AndroidManifest.xml:8:9-41
17        android:roundIcon="@mipmap/ic_launcher_round"
17-->src\main\AndroidManifest.xml:9:9-54
18        android:supportsRtl="true"
18-->src\main\AndroidManifest.xml:10:9-35
19        android:testOnly="true"
20        android:theme="@style/Theme.PrimerProyecto" >
20-->src\main\AndroidManifest.xml:11:9-52
21        <activity
21-->src\main\AndroidManifest.xml:12:9-14:40
22            android:name="com.luocz.primerproyecto.Ejercicio1.DetailActivity"
22-->src\main\AndroidManifest.xml:13:13-54
23            android:exported="false" />
23-->src\main\AndroidManifest.xml:14:13-37
24        <!-- Ejercicios de Clases -->
25        <activity
25-->src\main\AndroidManifest.xml:16:9-18:40
26            android:name="com.luocz.primerproyecto.EjerciciosClase.ExplicitActivity"
26-->src\main\AndroidManifest.xml:17:13-61
27            android:exported="false" />
27-->src\main\AndroidManifest.xml:18:13-37
28        <activity
28-->src\main\AndroidManifest.xml:19:9-21:40
29            android:name="com.luocz.primerproyecto.EjerciciosClase.ExplicitDetailActivity"
29-->src\main\AndroidManifest.xml:20:13-67
30            android:exported="false" />
30-->src\main\AndroidManifest.xml:21:13-37
31        <activity
31-->src\main\AndroidManifest.xml:22:9-24:40
32            android:name="com.luocz.primerproyecto.EjerciciosClase.ImplicityActivity"
32-->src\main\AndroidManifest.xml:23:13-62
33            android:exported="false" />
33-->src\main\AndroidManifest.xml:24:13-37
34        <activity
34-->src\main\AndroidManifest.xml:25:9-27:40
35            android:name="com.luocz.primerproyecto.EjerciciosClase.MainActivity"
35-->src\main\AndroidManifest.xml:26:13-57
36            android:exported="false" />
36-->src\main\AndroidManifest.xml:27:13-37
37        <activity
37-->src\main\AndroidManifest.xml:28:9-30:40
38            android:name="com.luocz.primerproyecto.EjerciciosClase.FrameLayoutActivity"
38-->src\main\AndroidManifest.xml:29:13-64
39            android:exported="false" />
39-->src\main\AndroidManifest.xml:30:13-37
40        <activity
40-->src\main\AndroidManifest.xml:31:9-33:40
41            android:name="com.luocz.primerproyecto.EjerciciosClase.ImplicityActivity2"
41-->src\main\AndroidManifest.xml:32:13-63
42            android:exported="false" />
42-->src\main\AndroidManifest.xml:33:13-37
43        <activity
43-->src\main\AndroidManifest.xml:34:9-36:40
44            android:name="com.luocz.primerproyecto.EjerciciosClase.LinearLayoutActivity"
44-->src\main\AndroidManifest.xml:35:13-65
45            android:exported="false" /> <!-- Ejercicio 1 -->
45-->src\main\AndroidManifest.xml:36:13-37
46        <!--
47 <activity
48            android:name=".Ejercicio1.FormActivity"
49            android:exported="false" />
50        -->
51        <!-- MAIN -->
52        <activity
52-->src\main\AndroidManifest.xml:43:9-51:20
53            android:name="com.luocz.primerproyecto.Ejercicio1.FormActivity"
53-->src\main\AndroidManifest.xml:44:13-52
54            android:exported="true" >
54-->src\main\AndroidManifest.xml:45:13-36
55            <intent-filter>
55-->src\main\AndroidManifest.xml:46:13-50:29
56                <action android:name="android.intent.action.MAIN" />
56-->src\main\AndroidManifest.xml:47:17-69
56-->src\main\AndroidManifest.xml:47:25-66
57
58                <category android:name="android.intent.category.LAUNCHER" />
58-->src\main\AndroidManifest.xml:49:17-77
58-->src\main\AndroidManifest.xml:49:27-74
59            </intent-filter>
60        </activity>
61
62        <provider
62-->[androidx.emoji2:emoji2:1.0.0] AndroidManifest.xml:26:9-34:20
63            android:name="androidx.startup.InitializationProvider"
63-->[androidx.emoji2:emoji2:1.0.0] AndroidManifest.xml:27:13-67
64            android:authorities="com.luocz.primerproyecto.androidx-startup"
64-->[androidx.emoji2:emoji2:1.0.0] AndroidManifest.xml:28:13-68
65            android:exported="false" >
65-->[androidx.emoji2:emoji2:1.0.0] AndroidManifest.xml:29:13-37
66            <meta-data
66-->[androidx.emoji2:emoji2:1.0.0] AndroidManifest.xml:31:13-33:52
67                android:name="androidx.emoji2.text.EmojiCompatInitializer"
67-->[androidx.emoji2:emoji2:1.0.0] AndroidManifest.xml:32:17-75
68                android:value="androidx.startup" />
68-->[androidx.emoji2:emoji2:1.0.0] AndroidManifest.xml:33:17-49
69            <meta-data
69-->[androidx.lifecycle:lifecycle-process:2.4.0] AndroidManifest.xml:31:13-33:52
70                android:name="androidx.lifecycle.ProcessLifecycleInitializer"
70-->[androidx.lifecycle:lifecycle-process:2.4.0] AndroidManifest.xml:32:17-78
71                android:value="androidx.startup" />
71-->[androidx.lifecycle:lifecycle-process:2.4.0] AndroidManifest.xml:33:17-49
72        </provider>
73    </application>
74
75</manifest>